{"message":"Server running on PORT:5000\n","timestamp":"29-11 06:17:49 +01:00","type":"out","process_id":3,"app_name":"best-store-backend"}
{"message":"Server running on PORT:5000\n","timestamp":"01-12 20:21:12 +01:00","type":"out","process_id":0,"app_name":"best-store-backend"}
{"message":"Server running on PORT:5000\n","timestamp":"01-12 20:21:13 +01:00","type":"out","process_id":1,"app_name":"best-store-backend"}
{"message":"Server running on PORT:5000\n","timestamp":"01-12 20:21:14 +01:00","type":"out","process_id":2,"app_name":"best-store-backend"}
{"message":"Server running on PORT:5000\n","timestamp":"01-12 20:21:16 +01:00","type":"out","process_id":3,"app_name":"best-store-backend"}
{"message":"Server running on PORT:5000\n","timestamp":"01-12 20:21:18 +01:00","type":"out","process_id":4,"app_name":"best-store-backend"}
{"message":"Server running on PORT:5000\n","timestamp":"01-12 20:21:19 +01:00","type":"out","process_id":5,"app_name":"best-store-backend"}
{"message":"Server running on PORT:5000\n","timestamp":"01-12 20:21:19 +01:00","type":"out","process_id":6,"app_name":"best-store-backend"}
{"message":"Server running on PORT:5000\n","timestamp":"01-12 20:21:21 +01:00","type":"out","process_id":7,"app_name":"best-store-backend"}
{"message":"null\n","timestamp":"01-12 21:49:16 +01:00","type":"out","process_id":6,"app_name":"best-store-backend"}
{"message":"null\n","timestamp":"01-12 21:49:16 +01:00","type":"out","process_id":6,"app_name":"best-store-backend"}
{"message":"null\n","timestamp":"01-12 21:50:19 +01:00","type":"out","process_id":6,"app_name":"best-store-backend"}
{"message":"null\n","timestamp":"01-12 21:50:19 +01:00","type":"out","process_id":6,"app_name":"best-store-backend"}
{"message":"null\n","timestamp":"01-12 21:50:59 +01:00","type":"out","process_id":6,"app_name":"best-store-backend"}
{"message":"null\n","timestamp":"01-12 21:50:59 +01:00","type":"out","process_id":6,"app_name":"best-store-backend"}
{"message":"null\n","timestamp":"01-12 21:51:14 +01:00","type":"out","process_id":6,"app_name":"best-store-backend"}
{"message":"null\n","timestamp":"01-12 21:51:14 +01:00","type":"out","process_id":6,"app_name":"best-store-backend"}
{"message":"null\n","timestamp":"01-12 21:51:28 +01:00","type":"out","process_id":6,"app_name":"best-store-backend"}
{"message":"null\n","timestamp":"01-12 21:51:28 +01:00","type":"out","process_id":6,"app_name":"best-store-backend"}
{"message":"null\n","timestamp":"01-12 21:57:34 +01:00","type":"out","process_id":7,"app_name":"best-store-backend"}
{"message":"null\n","timestamp":"01-12 21:57:34 +01:00","type":"out","process_id":7,"app_name":"best-store-backend"}
{"message":"null\n","timestamp":"01-12 21:57:49 +01:00","type":"out","process_id":7,"app_name":"best-store-backend"}
{"message":"null\n","timestamp":"01-12 21:57:49 +01:00","type":"out","process_id":6,"app_name":"best-store-backend"}
{"message":"null\n","timestamp":"01-12 21:58:38 +01:00","type":"out","process_id":7,"app_name":"best-store-backend"}
{"message":"null\n","timestamp":"01-12 21:58:39 +01:00","type":"out","process_id":7,"app_name":"best-store-backend"}
{"message":"null\n","timestamp":"01-12 22:00:26 +01:00","type":"out","process_id":7,"app_name":"best-store-backend"}
{"message":"null\n","timestamp":"01-12 22:00:26 +01:00","type":"out","process_id":7,"app_name":"best-store-backend"}
{"message":"null\n","timestamp":"01-12 22:08:57 +01:00","type":"out","process_id":7,"app_name":"best-store-backend"}
{"message":"null\n","timestamp":"01-12 22:08:57 +01:00","type":"out","process_id":7,"app_name":"best-store-backend"}
{"message":"null\n","timestamp":"01-12 22:09:23 +01:00","type":"out","process_id":7,"app_name":"best-store-backend"}
{"message":"null\n","timestamp":"01-12 22:09:23 +01:00","type":"out","process_id":7,"app_name":"best-store-backend"}
{"message":"null\n","timestamp":"01-12 22:09:47 +01:00","type":"out","process_id":7,"app_name":"best-store-backend"}
{"message":"null\n","timestamp":"01-12 22:09:47 +01:00","type":"out","process_id":7,"app_name":"best-store-backend"}
{"message":"null\n","timestamp":"01-12 22:24:52 +01:00","type":"out","process_id":6,"app_name":"best-store-backend"}
{"message":"null\n","timestamp":"01-12 22:24:52 +01:00","type":"out","process_id":6,"app_name":"best-store-backend"}
{"message":"I am below errorMessageGetter\n","timestamp":"01-12 23:35:47 +01:00","type":"out","process_id":6,"app_name":"best-store-backend"}
{"message":"Uploading images to cloudinary...\n","timestamp":"01-12 23:35:47 +01:00","type":"out","process_id":6,"app_name":"best-store-backend"}
{"message":"Cloudinary error while saving image: Error: getaddrinfo ENOTFOUND api.cloudinary.com\n","timestamp":"01-12 23:35:47 +01:00","type":"out","process_id":6,"app_name":"best-store-backend"}
{"message":"Error: getaddrinfo ENOTFOUND api.cloudinary.com\n    at GetAddrInfoReqWrap.onlookup [as oncomplete] (node:dns:108:26) {\n  errno: -3008,\n  code: 'ENOTFOUND',\n  syscall: 'getaddrinfo',\n  hostname: 'api.cloudinary.com'\n}\n","timestamp":"01-12 23:35:47 +01:00","type":"out","process_id":6,"app_name":"best-store-backend"}
{"message":"Cloudinary error while saving image: Error: getaddrinfo ENOTFOUND api.cloudinary.com\n","timestamp":"01-12 23:35:47 +01:00","type":"out","process_id":6,"app_name":"best-store-backend"}
{"message":"Cloudinary error while saving image: Error: getaddrinfo ENOTFOUND api.cloudinary.com\n","timestamp":"01-12 23:35:47 +01:00","type":"out","process_id":6,"app_name":"best-store-backend"}
{"message":"Cloudinary error while saving image: Error: getaddrinfo ENOTFOUND api.cloudinary.com\n","timestamp":"01-12 23:35:47 +01:00","type":"out","process_id":6,"app_name":"best-store-backend"}
{"message":"Server running on PORT:5000\n","timestamp":"01-12 23:39:22 +01:00","type":"out","process_id":0,"app_name":"best-store-backend"}
{"message":"Server running on PORT:5000\n","timestamp":"01-12 23:39:23 +01:00","type":"out","process_id":1,"app_name":"best-store-backend"}
{"message":"Server running on PORT:5000\n","timestamp":"01-12 23:39:24 +01:00","type":"out","process_id":2,"app_name":"best-store-backend"}
{"message":"Server running on PORT:5000\n","timestamp":"01-12 23:39:24 +01:00","type":"out","process_id":3,"app_name":"best-store-backend"}
{"message":"Server running on PORT:5000\n","timestamp":"01-12 23:39:26 +01:00","type":"out","process_id":4,"app_name":"best-store-backend"}
{"message":"Server running on PORT:5000\n","timestamp":"01-12 23:39:27 +01:00","type":"out","process_id":5,"app_name":"best-store-backend"}
{"message":"Server running on PORT:5000\n","timestamp":"01-12 23:39:28 +01:00","type":"out","process_id":6,"app_name":"best-store-backend"}
{"message":"Server running on PORT:5000\n","timestamp":"01-12 23:39:29 +01:00","type":"out","process_id":7,"app_name":"best-store-backend"}
{"message":"I am below errorMessageGetter\n","timestamp":"01-12 23:39:59 +01:00","type":"out","process_id":7,"app_name":"best-store-backend"}
{"message":"Uploading images to cloudinary...\n","timestamp":"01-12 23:40:00 +01:00","type":"out","process_id":7,"app_name":"best-store-backend"}
{"message":"Cloudinary error while saving image: Error: getaddrinfo ENOTFOUND api.cloudinary.com\n","timestamp":"01-12 23:40:00 +01:00","type":"out","process_id":7,"app_name":"best-store-backend"}
{"message":"Error: getaddrinfo ENOTFOUND api.cloudinary.com\n    at GetAddrInfoReqWrap.onlookup [as oncomplete] (node:dns:108:26) {\n  errno: -3008,\n  code: 'ENOTFOUND',\n  syscall: 'getaddrinfo',\n  hostname: 'api.cloudinary.com'\n}\n","timestamp":"01-12 23:40:00 +01:00","type":"out","process_id":7,"app_name":"best-store-backend"}
{"message":"Cloudinary error while saving image: Error: getaddrinfo ENOTFOUND api.cloudinary.com\n","timestamp":"01-12 23:40:00 +01:00","type":"out","process_id":7,"app_name":"best-store-backend"}
{"message":"Cloudinary error while saving image: Error: getaddrinfo ENOTFOUND api.cloudinary.com\n","timestamp":"01-12 23:40:00 +01:00","type":"out","process_id":7,"app_name":"best-store-backend"}
{"message":"Cloudinary error while saving image: Error: getaddrinfo ENOTFOUND api.cloudinary.com\n","timestamp":"01-12 23:40:00 +01:00","type":"out","process_id":7,"app_name":"best-store-backend"}
{"message":"I am below errorMessageGetter\n","timestamp":"02-12 00:06:46 +01:00","type":"out","process_id":7,"app_name":"best-store-backend"}
{"message":"Uploading images to cloudinary...\n","timestamp":"02-12 00:06:47 +01:00","type":"out","process_id":7,"app_name":"best-store-backend"}
{"message":"[\n  {\n    image_url: 'https://res.cloudinary.com/dcasx7rnk/image/upload/v1701472010/best_store/product_images/gnc1n4ge1ontrnvw37mq.jpg',\n    image_key: 'best_store/product_images/gnc1n4ge1ontrnvw37mq'\n  },\n  {\n    image_url: 'https://res.cloudinary.com/dcasx7rnk/image/upload/v1701472011/best_store/product_images/cha79nosmq4ownvdemoa.jpg',\n    image_key: 'best_store/product_images/cha79nosmq4ownvdemoa'\n  },\n  {\n    image_url: 'https://res.cloudinary.com/dcasx7rnk/image/upload/v1701472010/best_store/product_images/wy76givorjpbyr7eolc0.jpg',\n    image_key: 'best_store/product_images/wy76givorjpbyr7eolc0'\n  },\n  {\n    image_url: 'https://res.cloudinary.com/dcasx7rnk/image/upload/v1701472010/best_store/product_images/tcrwqvjmolgu9yxptlke.jpg',\n    image_key: 'best_store/product_images/tcrwqvjmolgu9yxptlke'\n  }\n]\n","timestamp":"02-12 00:06:51 +01:00","type":"out","process_id":7,"app_name":"best-store-backend"}
{"message":"I am below errorMessageGetter\n","timestamp":"02-12 00:40:47 +01:00","type":"out","process_id":7,"app_name":"best-store-backend"}
{"message":"Uploading images to cloudinary...\n","timestamp":"02-12 00:40:47 +01:00","type":"out","process_id":7,"app_name":"best-store-backend"}
{"message":"[\n  {\n    image_url: 'https://res.cloudinary.com/dcasx7rnk/image/upload/v1701474050/best_store/product_images/qjg6ni7zsfbsjbbuzx2t.jpg',\n    image_key: 'best_store/product_images/qjg6ni7zsfbsjbbuzx2t'\n  },\n  {\n    image_url: 'https://res.cloudinary.com/dcasx7rnk/image/upload/v1701474049/best_store/product_images/e9im6fovd1oq9o4zacox.jpg',\n    image_key: 'best_store/product_images/e9im6fovd1oq9o4zacox'\n  },\n  {\n    image_url: 'https://res.cloudinary.com/dcasx7rnk/image/upload/v1701474049/best_store/product_images/sabhelfk5mnzpkelffhs.jpg',\n    image_key: 'best_store/product_images/sabhelfk5mnzpkelffhs'\n  },\n  {\n    image_url: 'https://res.cloudinary.com/dcasx7rnk/image/upload/v1701474049/best_store/product_images/awbbnx9mrxjmfdif8acj.jpg',\n    image_key: 'best_store/product_images/awbbnx9mrxjmfdif8acj'\n  },\n  {\n    image_url: 'https://res.cloudinary.com/dcasx7rnk/image/upload/v1701474049/best_store/product_images/xsmz8vmyvuehmsoakv76.jpg',\n    image_key: 'best_store/product_images/xsmz8vmyvuehmsoakv76'\n  }\n]\n","timestamp":"02-12 00:40:49 +01:00","type":"out","process_id":7,"app_name":"best-store-backend"}
{"message":"Uploading images to cloudinary...\n","timestamp":"02-12 00:41:24 +01:00","type":"out","process_id":7,"app_name":"best-store-backend"}
{"message":"null\n","timestamp":"02-12 00:41:48 +01:00","type":"out","process_id":7,"app_name":"best-store-backend"}
{"message":"null\n","timestamp":"02-12 00:41:48 +01:00","type":"out","process_id":7,"app_name":"best-store-backend"}
{"message":"null\n","timestamp":"02-12 00:51:02 +01:00","type":"out","process_id":6,"app_name":"best-store-backend"}
{"message":"null\n","timestamp":"02-12 00:51:03 +01:00","type":"out","process_id":6,"app_name":"best-store-backend"}
{"message":"null\n","timestamp":"02-12 00:55:58 +01:00","type":"out","process_id":7,"app_name":"best-store-backend"}
{"message":"null\n","timestamp":"02-12 00:55:58 +01:00","type":"out","process_id":7,"app_name":"best-store-backend"}
{"message":"null\n","timestamp":"02-12 01:02:06 +01:00","type":"out","process_id":7,"app_name":"best-store-backend"}
{"message":"null\n","timestamp":"02-12 01:02:07 +01:00","type":"out","process_id":7,"app_name":"best-store-backend"}
{"message":"null\n","timestamp":"02-12 01:37:08 +01:00","type":"out","process_id":6,"app_name":"best-store-backend"}
{"message":"null\n","timestamp":"02-12 01:37:08 +01:00","type":"out","process_id":6,"app_name":"best-store-backend"}
{"message":"null\n","timestamp":"02-12 01:40:53 +01:00","type":"out","process_id":7,"app_name":"best-store-backend"}
{"message":"null\n","timestamp":"02-12 01:40:54 +01:00","type":"out","process_id":7,"app_name":"best-store-backend"}
{"message":"null\n","timestamp":"02-12 01:50:40 +01:00","type":"out","process_id":7,"app_name":"best-store-backend"}
{"message":"null\n","timestamp":"02-12 01:50:40 +01:00","type":"out","process_id":7,"app_name":"best-store-backend"}
{"message":"I am below errorMessageGetter\n","timestamp":"02-12 02:37:25 +01:00","type":"out","process_id":7,"app_name":"best-store-backend"}
{"message":"Uploading images to cloudinary...\n","timestamp":"02-12 02:37:26 +01:00","type":"out","process_id":7,"app_name":"best-store-backend"}
{"message":"[\n  {\n    image_url: 'https://res.cloudinary.com/dcasx7rnk/image/upload/v1701481048/best_store/product_images/op5comnltgpxtca2g2fr.jpg',\n    image_key: 'best_store/product_images/op5comnltgpxtca2g2fr'\n  },\n  {\n    image_url: 'https://res.cloudinary.com/dcasx7rnk/image/upload/v1701481048/best_store/product_images/yrfwzvta1s70pqfbypau.jpg',\n    image_key: 'best_store/product_images/yrfwzvta1s70pqfbypau'\n  },\n  {\n    image_url: 'https://res.cloudinary.com/dcasx7rnk/image/upload/v1701481048/best_store/product_images/frcqz4eampa9jhpfcc3e.jpg',\n    image_key: 'best_store/product_images/frcqz4eampa9jhpfcc3e'\n  },\n  {\n    image_url: 'https://res.cloudinary.com/dcasx7rnk/image/upload/v1701481049/best_store/product_images/cs8qvejgawyl13g6grpr.jpg',\n    image_key: 'best_store/product_images/cs8qvejgawyl13g6grpr'\n  }\n]\n","timestamp":"02-12 02:37:29 +01:00","type":"out","process_id":7,"app_name":"best-store-backend"}
{"message":"Server running on PORT:5000\n","timestamp":"02-12 03:47:38 +01:00","type":"out","process_id":5,"app_name":"best-store-backend"}
{"message":"Server running on PORT:5000\n","timestamp":"02-12 03:47:38 +01:00","type":"out","process_id":7,"app_name":"best-store-backend"}
{"message":"Server running on PORT:5000\n","timestamp":"02-12 03:47:38 +01:00","type":"out","process_id":6,"app_name":"best-store-backend"}
{"message":"Server running on PORT:5000\n","timestamp":"02-12 03:47:38 +01:00","type":"out","process_id":4,"app_name":"best-store-backend"}
{"message":"Server running on PORT:5000\n","timestamp":"02-12 03:47:39 +01:00","type":"out","process_id":3,"app_name":"best-store-backend"}
{"message":"Server running on PORT:5000\n","timestamp":"02-12 03:51:55 +01:00","type":"out","process_id":2,"app_name":"best-store-backend"}
{"message":"Server running on PORT:5000\n","timestamp":"02-12 03:51:55 +01:00","type":"out","process_id":4,"app_name":"best-store-backend"}
{"message":"Server running on PORT:5000\n","timestamp":"02-12 03:51:55 +01:00","type":"out","process_id":5,"app_name":"best-store-backend"}
{"message":"Server running on PORT:5000\n","timestamp":"02-12 03:51:55 +01:00","type":"out","process_id":7,"app_name":"best-store-backend"}
{"message":"Server running on PORT:5000\n","timestamp":"02-12 03:51:56 +01:00","type":"out","process_id":6,"app_name":"best-store-backend"}
{"message":"Server running on PORT:5000\n","timestamp":"02-12 03:51:56 +01:00","type":"out","process_id":1,"app_name":"best-store-backend"}
{"message":"Server running on PORT:5000\n","timestamp":"02-12 03:51:57 +01:00","type":"out","process_id":3,"app_name":"best-store-backend"}
{"message":"Server running on PORT:5000\n","timestamp":"02-12 17:13:41 +01:00","type":"out","process_id":0,"app_name":"best-store-backend"}
{"message":"Server running on PORT:5000\n","timestamp":"02-12 17:13:42 +01:00","type":"out","process_id":1,"app_name":"best-store-backend"}
{"message":"Server running on PORT:5000\n","timestamp":"02-12 17:13:43 +01:00","type":"out","process_id":2,"app_name":"best-store-backend"}
{"message":"Server running on PORT:5000\n","timestamp":"02-12 17:13:45 +01:00","type":"out","process_id":3,"app_name":"best-store-backend"}
{"message":"Server running on PORT:5000\n","timestamp":"02-12 17:13:46 +01:00","type":"out","process_id":4,"app_name":"best-store-backend"}
{"message":"Server running on PORT:5000\n","timestamp":"02-12 17:13:47 +01:00","type":"out","process_id":5,"app_name":"best-store-backend"}
{"message":"Server running on PORT:5000\n","timestamp":"02-12 17:13:48 +01:00","type":"out","process_id":6,"app_name":"best-store-backend"}
{"message":"Server running on PORT:5000\n","timestamp":"02-12 17:13:50 +01:00","type":"out","process_id":7,"app_name":"best-store-backend"}
{"message":"null\n","timestamp":"02-12 17:14:28 +01:00","type":"out","process_id":7,"app_name":"best-store-backend"}
{"message":"null\n","timestamp":"02-12 17:14:28 +01:00","type":"out","process_id":7,"app_name":"best-store-backend"}
{"message":"Server running on PORT:5000\n","timestamp":"03-12 01:23:42 +01:00","type":"out","process_id":0,"app_name":"best-store-backend"}
{"message":"Server running on PORT:5000\n","timestamp":"03-12 01:23:42 +01:00","type":"out","process_id":1,"app_name":"best-store-backend"}
{"message":"Server running on PORT:5000\n","timestamp":"03-12 01:23:44 +01:00","type":"out","process_id":2,"app_name":"best-store-backend"}
{"message":"Server running on PORT:5000\n","timestamp":"03-12 01:23:46 +01:00","type":"out","process_id":3,"app_name":"best-store-backend"}
{"message":"Server running on PORT:5000\n","timestamp":"03-12 01:23:49 +01:00","type":"out","process_id":4,"app_name":"best-store-backend"}
{"message":"Server running on PORT:5000\n","timestamp":"03-12 01:23:51 +01:00","type":"out","process_id":5,"app_name":"best-store-backend"}
{"message":"Server running on PORT:5000\n","timestamp":"03-12 01:23:53 +01:00","type":"out","process_id":6,"app_name":"best-store-backend"}
{"message":"Server running on PORT:5000\n","timestamp":"03-12 01:23:54 +01:00","type":"out","process_id":7,"app_name":"best-store-backend"}
{"message":"Server running on PORT:5000\n","timestamp":"03-12 01:46:37 +01:00","type":"out","process_id":0,"app_name":"best-store-backend"}
{"message":"Server running on PORT:5000\n","timestamp":"03-12 01:46:38 +01:00","type":"out","process_id":1,"app_name":"best-store-backend"}
{"message":"Server running on PORT:5000\n","timestamp":"03-12 01:46:41 +01:00","type":"out","process_id":2,"app_name":"best-store-backend"}
{"message":"Server running on PORT:5000\n","timestamp":"03-12 01:46:41 +01:00","type":"out","process_id":3,"app_name":"best-store-backend"}
{"message":"Server running on PORT:5000\n","timestamp":"03-12 01:46:43 +01:00","type":"out","process_id":4,"app_name":"best-store-backend"}
{"message":"Server running on PORT:5000\n","timestamp":"03-12 01:46:44 +01:00","type":"out","process_id":5,"app_name":"best-store-backend"}
{"message":"Server running on PORT:5000\n","timestamp":"03-12 01:46:46 +01:00","type":"out","process_id":6,"app_name":"best-store-backend"}
{"message":"Server running on PORT:5000\n","timestamp":"03-12 01:46:49 +01:00","type":"out","process_id":7,"app_name":"best-store-backend"}
{"message":"Server running on PORT:5000\n","timestamp":"03-12 01:46:53 +01:00","type":"out","process_id":0,"app_name":"best-store-backend"}
{"message":"Server running on PORT:5000\n","timestamp":"03-12 01:46:53 +01:00","type":"out","process_id":1,"app_name":"best-store-backend"}
{"message":"Server running on PORT:5000\n","timestamp":"03-12 01:46:56 +01:00","type":"out","process_id":2,"app_name":"best-store-backend"}
{"message":"Server running on PORT:5000\n","timestamp":"03-12 01:46:56 +01:00","type":"out","process_id":3,"app_name":"best-store-backend"}
{"message":"Server running on PORT:5000\n","timestamp":"03-12 01:46:58 +01:00","type":"out","process_id":4,"app_name":"best-store-backend"}
{"message":"Server running on PORT:5000\n","timestamp":"03-12 01:46:59 +01:00","type":"out","process_id":5,"app_name":"best-store-backend"}
{"message":"Server running on PORT:5000\n","timestamp":"03-12 01:47:00 +01:00","type":"out","process_id":6,"app_name":"best-store-backend"}
{"message":"Server running on PORT:5000\n","timestamp":"03-12 01:47:01 +01:00","type":"out","process_id":7,"app_name":"best-store-backend"}
{"message":"Server running on PORT:5000\n","timestamp":"03-12 01:47:58 +01:00","type":"out","process_id":0,"app_name":"best-store-backend"}
{"message":"Server running on PORT:5000\n","timestamp":"03-12 01:48:00 +01:00","type":"out","process_id":1,"app_name":"best-store-backend"}
{"message":"Server running on PORT:5000\n","timestamp":"03-12 01:48:00 +01:00","type":"out","process_id":2,"app_name":"best-store-backend"}
{"message":"Server running on PORT:5000\n","timestamp":"03-12 01:48:03 +01:00","type":"out","process_id":3,"app_name":"best-store-backend"}
{"message":"Server running on PORT:5000\n","timestamp":"03-12 01:48:03 +01:00","type":"out","process_id":4,"app_name":"best-store-backend"}
{"message":"Server running on PORT:5000\n","timestamp":"03-12 01:48:05 +01:00","type":"out","process_id":5,"app_name":"best-store-backend"}
{"message":"Server running on PORT:5000\n","timestamp":"03-12 01:48:06 +01:00","type":"out","process_id":6,"app_name":"best-store-backend"}
{"message":"Server running on PORT:5000\n","timestamp":"03-12 01:48:07 +01:00","type":"out","process_id":7,"app_name":"best-store-backend"}
{"message":"Server running on PORT:5000\n","timestamp":"03-12 01:51:51 +01:00","type":"out","process_id":0,"app_name":"best-store-backend"}
{"message":"Server running on PORT:5000\n","timestamp":"03-12 01:51:52 +01:00","type":"out","process_id":1,"app_name":"best-store-backend"}
{"message":"Server running on PORT:5000\n","timestamp":"03-12 01:51:53 +01:00","type":"out","process_id":2,"app_name":"best-store-backend"}
{"message":"Server running on PORT:5000\n","timestamp":"03-12 01:51:55 +01:00","type":"out","process_id":3,"app_name":"best-store-backend"}
{"message":"Server running on PORT:5000\n","timestamp":"03-12 01:51:56 +01:00","type":"out","process_id":4,"app_name":"best-store-backend"}
{"message":"Server running on PORT:5000\n","timestamp":"03-12 01:51:58 +01:00","type":"out","process_id":5,"app_name":"best-store-backend"}
{"message":"Server running on PORT:5000\n","timestamp":"03-12 01:51:59 +01:00","type":"out","process_id":6,"app_name":"best-store-backend"}
{"message":"Server running on PORT:5000\n","timestamp":"03-12 01:52:00 +01:00","type":"out","process_id":7,"app_name":"best-store-backend"}
{"message":"Server running on PORT:5000\n","timestamp":"03-12 02:13:00 +01:00","type":"out","process_id":1,"app_name":"best-store-backend"}
{"message":"Server running on PORT:5000\n","timestamp":"03-12 02:13:02 +01:00","type":"out","process_id":0,"app_name":"best-store-backend"}
{"message":"Server running on PORT:5000\n","timestamp":"03-12 02:13:02 +01:00","type":"out","process_id":2,"app_name":"best-store-backend"}
{"message":"Server running on PORT:5000\n","timestamp":"03-12 02:13:04 +01:00","type":"out","process_id":3,"app_name":"best-store-backend"}
{"message":"Server running on PORT:5000\n","timestamp":"03-12 02:13:05 +01:00","type":"out","process_id":4,"app_name":"best-store-backend"}
{"message":"Server running on PORT:5000\n","timestamp":"03-12 02:13:06 +01:00","type":"out","process_id":5,"app_name":"best-store-backend"}
{"message":"Server running on PORT:5000\n","timestamp":"03-12 02:13:08 +01:00","type":"out","process_id":6,"app_name":"best-store-backend"}
{"message":"Server running on PORT:5000\n","timestamp":"03-12 02:13:09 +01:00","type":"out","process_id":7,"app_name":"best-store-backend"}
{"message":"Server running on PORT:5000\n","timestamp":"03-12 03:07:31 +01:00","type":"out","process_id":0,"app_name":"best-store-backend"}
{"message":"Server running on PORT:5000\n","timestamp":"03-12 03:07:32 +01:00","type":"out","process_id":1,"app_name":"best-store-backend"}
{"message":"Server running on PORT:5000\n","timestamp":"03-12 03:07:33 +01:00","type":"out","process_id":2,"app_name":"best-store-backend"}
{"message":"Server running on PORT:5000\n","timestamp":"03-12 03:07:33 +01:00","type":"out","process_id":2,"app_name":"best-store-backend"}
{"message":"Server running on PORT:5000\n","timestamp":"03-12 03:07:34 +01:00","type":"out","process_id":3,"app_name":"best-store-backend"}
{"message":"Server running on PORT:5000\n","timestamp":"03-12 03:07:35 +01:00","type":"out","process_id":4,"app_name":"best-store-backend"}
{"message":"Server running on PORT:5000\n","timestamp":"03-12 03:07:35 +01:00","type":"out","process_id":5,"app_name":"best-store-backend"}
{"message":"Server running on PORT:5000\n","timestamp":"03-12 03:07:36 +01:00","type":"out","process_id":6,"app_name":"best-store-backend"}
{"message":"Server running on PORT:5000\n","timestamp":"03-12 03:07:37 +01:00","type":"out","process_id":7,"app_name":"best-store-backend"}
{"message":"Server running on PORT:5000\n","timestamp":"03-12 03:07:38 +01:00","type":"out","process_id":1,"app_name":"best-store-backend"}
{"message":"Server running on PORT:5000\n","timestamp":"03-12 03:07:39 +01:00","type":"out","process_id":0,"app_name":"best-store-backend"}
{"message":"Server running on PORT:5000\n","timestamp":"03-12 03:07:39 +01:00","type":"out","process_id":2,"app_name":"best-store-backend"}
{"message":"Server running on PORT:5000\n","timestamp":"03-12 03:07:40 +01:00","type":"out","process_id":3,"app_name":"best-store-backend"}
{"message":"Server running on PORT:5000\n","timestamp":"03-12 03:07:41 +01:00","type":"out","process_id":4,"app_name":"best-store-backend"}
{"message":"Server running on PORT:5000\n","timestamp":"03-12 03:07:42 +01:00","type":"out","process_id":5,"app_name":"best-store-backend"}
{"message":"Server running on PORT:5000\n","timestamp":"03-12 03:07:43 +01:00","type":"out","process_id":6,"app_name":"best-store-backend"}
{"message":"Server running on PORT:5000\n","timestamp":"03-12 08:44:53 +01:00","type":"out","process_id":0,"app_name":"best-store-backend"}
{"message":"Server running on PORT:5000\n","timestamp":"03-12 08:44:54 +01:00","type":"out","process_id":1,"app_name":"best-store-backend"}
{"message":"Server running on PORT:5000\n","timestamp":"03-12 08:44:58 +01:00","type":"out","process_id":2,"app_name":"best-store-backend"}
{"message":"Server running on PORT:5000\n","timestamp":"03-12 08:45:00 +01:00","type":"out","process_id":3,"app_name":"best-store-backend"}
{"message":"Server running on PORT:5000\n","timestamp":"03-12 08:45:01 +01:00","type":"out","process_id":4,"app_name":"best-store-backend"}
{"message":"Server running on PORT:5000\n","timestamp":"03-12 08:45:02 +01:00","type":"out","process_id":5,"app_name":"best-store-backend"}
{"message":"Server running on PORT:5000\n","timestamp":"03-12 08:45:03 +01:00","type":"out","process_id":6,"app_name":"best-store-backend"}
{"message":"Server running on PORT:5000\n","timestamp":"03-12 08:45:04 +01:00","type":"out","process_id":7,"app_name":"best-store-backend"}
{"message":"Server running on PORT:5000\n","timestamp":"04-12 06:57:26 +01:00","type":"out","process_id":0,"app_name":"best-store-backend"}
{"message":"Server running on PORT:5000\n","timestamp":"04-12 06:57:28 +01:00","type":"out","process_id":1,"app_name":"best-store-backend"}
{"message":"Server running on PORT:5000\n","timestamp":"04-12 06:57:31 +01:00","type":"out","process_id":2,"app_name":"best-store-backend"}
{"message":"Server running on PORT:5000\n","timestamp":"04-12 06:57:32 +01:00","type":"out","process_id":3,"app_name":"best-store-backend"}
{"message":"Server running on PORT:5000\n","timestamp":"04-12 06:57:33 +01:00","type":"out","process_id":4,"app_name":"best-store-backend"}
{"message":"Server running on PORT:5000\n","timestamp":"04-12 06:57:34 +01:00","type":"out","process_id":5,"app_name":"best-store-backend"}
{"message":"Server running on PORT:5000\n","timestamp":"04-12 06:57:34 +01:00","type":"out","process_id":6,"app_name":"best-store-backend"}
{"message":"Server running on PORT:5000\n","timestamp":"04-12 06:57:36 +01:00","type":"out","process_id":7,"app_name":"best-store-backend"}
{"message":"Server running on PORT:5000\n","timestamp":"04-12 07:07:35 +01:00","type":"out","process_id":0,"app_name":"best-store-backend"}
{"message":"Server running on PORT:5000\n","timestamp":"04-12 07:07:36 +01:00","type":"out","process_id":1,"app_name":"best-store-backend"}
{"message":"Server running on PORT:5000\n","timestamp":"04-12 07:07:38 +01:00","type":"out","process_id":2,"app_name":"best-store-backend"}
{"message":"Server running on PORT:5000\n","timestamp":"04-12 07:07:39 +01:00","type":"out","process_id":3,"app_name":"best-store-backend"}
{"message":"Server running on PORT:5000\n","timestamp":"04-12 07:07:40 +01:00","type":"out","process_id":4,"app_name":"best-store-backend"}
{"message":"Server running on PORT:5000\n","timestamp":"04-12 07:07:42 +01:00","type":"out","process_id":5,"app_name":"best-store-backend"}
{"message":"Server running on PORT:5000\n","timestamp":"04-12 07:07:42 +01:00","type":"out","process_id":6,"app_name":"best-store-backend"}
{"message":"Server running on PORT:5000\n","timestamp":"04-12 07:07:43 +01:00","type":"out","process_id":7,"app_name":"best-store-backend"}
{"message":"Server running on PORT:5000\n","timestamp":"04-12 07:09:59 +01:00","type":"out","process_id":0,"app_name":"best-store-backend"}
{"message":"Server running on PORT:5000\n","timestamp":"04-12 07:10:02 +01:00","type":"out","process_id":1,"app_name":"best-store-backend"}
{"message":"Server running on PORT:5000\n","timestamp":"04-12 07:10:04 +01:00","type":"out","process_id":2,"app_name":"best-store-backend"}
{"message":"Server running on PORT:5000\n","timestamp":"04-12 07:10:06 +01:00","type":"out","process_id":3,"app_name":"best-store-backend"}
{"message":"Server running on PORT:5000\n","timestamp":"04-12 07:10:06 +01:00","type":"out","process_id":4,"app_name":"best-store-backend"}
{"message":"Server running on PORT:5000\n","timestamp":"04-12 07:10:09 +01:00","type":"out","process_id":5,"app_name":"best-store-backend"}
{"message":"Server running on PORT:5000\n","timestamp":"04-12 07:10:11 +01:00","type":"out","process_id":6,"app_name":"best-store-backend"}
{"message":"Server running on PORT:5000\n","timestamp":"04-12 07:10:15 +01:00","type":"out","process_id":7,"app_name":"best-store-backend"}
{"message":"Server running on PORT:5000\n","timestamp":"04-12 14:55:39 +01:00","type":"out","process_id":0,"app_name":"best-store-backend"}
{"message":"Server running on PORT:5000\n","timestamp":"04-12 14:55:42 +01:00","type":"out","process_id":1,"app_name":"best-store-backend"}
{"message":"Server running on PORT:5000\n","timestamp":"04-12 14:55:42 +01:00","type":"out","process_id":2,"app_name":"best-store-backend"}
{"message":"Server running on PORT:5000\n","timestamp":"04-12 14:55:46 +01:00","type":"out","process_id":3,"app_name":"best-store-backend"}
{"message":"Server running on PORT:5000\n","timestamp":"04-12 14:55:48 +01:00","type":"out","process_id":4,"app_name":"best-store-backend"}
{"message":"Server running on PORT:5000\n","timestamp":"04-12 14:55:50 +01:00","type":"out","process_id":5,"app_name":"best-store-backend"}
{"message":"Server running on PORT:5000\n","timestamp":"04-12 14:55:51 +01:00","type":"out","process_id":6,"app_name":"best-store-backend"}
{"message":"Server running on PORT:5000\n","timestamp":"04-12 14:55:52 +01:00","type":"out","process_id":7,"app_name":"best-store-backend"}
{"message":"Server running on PORT:5000\n","timestamp":"04-12 19:11:32 +01:00","type":"out","process_id":0,"app_name":"best-store-backend"}
{"message":"Server running on PORT:5000\n","timestamp":"04-12 19:11:32 +01:00","type":"out","process_id":1,"app_name":"best-store-backend"}
{"message":"Server running on PORT:5000\n","timestamp":"04-12 19:11:32 +01:00","type":"out","process_id":2,"app_name":"best-store-backend"}
{"message":"Server running on PORT:5000\n","timestamp":"04-12 19:11:36 +01:00","type":"out","process_id":3,"app_name":"best-store-backend"}
{"message":"Server running on PORT:5000\n","timestamp":"04-12 19:11:38 +01:00","type":"out","process_id":4,"app_name":"best-store-backend"}
{"message":"Server running on PORT:5000\n","timestamp":"04-12 19:11:40 +01:00","type":"out","process_id":5,"app_name":"best-store-backend"}
{"message":"Server running on PORT:5000\n","timestamp":"04-12 19:11:41 +01:00","type":"out","process_id":6,"app_name":"best-store-backend"}
{"message":"Server running on PORT:5000\n","timestamp":"04-12 19:11:43 +01:00","type":"out","process_id":7,"app_name":"best-store-backend"}
{"message":"null\n","timestamp":"04-12 21:28:39 +01:00","type":"out","process_id":6,"app_name":"best-store-backend"}
{"message":"null\n","timestamp":"04-12 21:28:39 +01:00","type":"out","process_id":6,"app_name":"best-store-backend"}
{"message":"Server running on PORT:5000\n","timestamp":"05-12 01:09:14 +01:00","type":"out","process_id":1,"app_name":"best-store-backend"}
{"message":"Server running on PORT:5000\n","timestamp":"05-12 01:09:15 +01:00","type":"out","process_id":0,"app_name":"best-store-backend"}
{"message":"Server running on PORT:5000\n","timestamp":"05-12 01:09:17 +01:00","type":"out","process_id":2,"app_name":"best-store-backend"}
{"message":"Server running on PORT:5000\n","timestamp":"05-12 01:09:18 +01:00","type":"out","process_id":3,"app_name":"best-store-backend"}
{"message":"Server running on PORT:5000\n","timestamp":"05-12 01:09:20 +01:00","type":"out","process_id":4,"app_name":"best-store-backend"}
{"message":"Server running on PORT:5000\n","timestamp":"05-12 01:09:21 +01:00","type":"out","process_id":5,"app_name":"best-store-backend"}
{"message":"Server running on PORT:5000\n","timestamp":"05-12 01:09:22 +01:00","type":"out","process_id":6,"app_name":"best-store-backend"}
{"message":"Server running on PORT:5000\n","timestamp":"05-12 01:09:23 +01:00","type":"out","process_id":7,"app_name":"best-store-backend"}
{"message":"Server running on PORT:5000\n","timestamp":"05-12 01:26:53 +01:00","type":"out","process_id":0,"app_name":"best-store-backend"}
{"message":"Server running on PORT:5000\n","timestamp":"05-12 01:26:53 +01:00","type":"out","process_id":1,"app_name":"best-store-backend"}
{"message":"Server running on PORT:5000\n","timestamp":"05-12 01:26:55 +01:00","type":"out","process_id":2,"app_name":"best-store-backend"}
{"message":"Server running on PORT:5000\n","timestamp":"05-12 01:26:58 +01:00","type":"out","process_id":3,"app_name":"best-store-backend"}
{"message":"Server running on PORT:5000\n","timestamp":"05-12 01:27:00 +01:00","type":"out","process_id":4,"app_name":"best-store-backend"}
{"message":"Server running on PORT:5000\n","timestamp":"05-12 01:27:01 +01:00","type":"out","process_id":5,"app_name":"best-store-backend"}
{"message":"Server running on PORT:5000\n","timestamp":"05-12 01:27:02 +01:00","type":"out","process_id":6,"app_name":"best-store-backend"}
{"message":"Server running on PORT:5000\n","timestamp":"05-12 01:27:03 +01:00","type":"out","process_id":7,"app_name":"best-store-backend"}
{"message":"Server running on PORT:5000\n","timestamp":"05-12 14:43:17 +01:00","type":"out","process_id":0,"app_name":"best-store-backend"}
{"message":"Server running on PORT:5000\n","timestamp":"05-12 14:43:18 +01:00","type":"out","process_id":1,"app_name":"best-store-backend"}
{"message":"Server running on PORT:5000\n","timestamp":"05-12 14:43:20 +01:00","type":"out","process_id":2,"app_name":"best-store-backend"}
{"message":"Server running on PORT:5000\n","timestamp":"05-12 14:43:21 +01:00","type":"out","process_id":3,"app_name":"best-store-backend"}
{"message":"Server running on PORT:5000\n","timestamp":"05-12 14:43:22 +01:00","type":"out","process_id":4,"app_name":"best-store-backend"}
{"message":"Server running on PORT:5000\n","timestamp":"05-12 14:43:23 +01:00","type":"out","process_id":5,"app_name":"best-store-backend"}
{"message":"Server running on PORT:5000\n","timestamp":"05-12 14:43:25 +01:00","type":"out","process_id":6,"app_name":"best-store-backend"}
{"message":"Server running on PORT:5000\n","timestamp":"05-12 14:43:26 +01:00","type":"out","process_id":7,"app_name":"best-store-backend"}
{"message":"Server running on PORT:5000\n","timestamp":"05-12 16:33:10 +01:00","type":"out","process_id":0,"app_name":"best-store-backend"}
{"message":"Server running on PORT:5000\n","timestamp":"05-12 16:33:11 +01:00","type":"out","process_id":1,"app_name":"best-store-backend"}
{"message":"Server running on PORT:5000\n","timestamp":"05-12 16:33:13 +01:00","type":"out","process_id":2,"app_name":"best-store-backend"}
{"message":"Server running on PORT:5000\n","timestamp":"05-12 16:33:14 +01:00","type":"out","process_id":3,"app_name":"best-store-backend"}
{"message":"Server running on PORT:5000\n","timestamp":"05-12 16:33:16 +01:00","type":"out","process_id":4,"app_name":"best-store-backend"}
{"message":"Server running on PORT:5000\n","timestamp":"05-12 16:33:17 +01:00","type":"out","process_id":5,"app_name":"best-store-backend"}
{"message":"Server running on PORT:5000\n","timestamp":"05-12 16:33:18 +01:00","type":"out","process_id":6,"app_name":"best-store-backend"}
{"message":"Server running on PORT:5000\n","timestamp":"05-12 16:33:20 +01:00","type":"out","process_id":7,"app_name":"best-store-backend"}
{"message":"Server running on PORT:5000\n","timestamp":"05-12 16:33:26 +01:00","type":"out","process_id":0,"app_name":"best-store-backend"}
{"message":"Server running on PORT:5000\n","timestamp":"05-12 16:33:27 +01:00","type":"out","process_id":1,"app_name":"best-store-backend"}
{"message":"Server running on PORT:5000\n","timestamp":"05-12 16:33:29 +01:00","type":"out","process_id":2,"app_name":"best-store-backend"}
{"message":"Server running on PORT:5000\n","timestamp":"05-12 16:33:32 +01:00","type":"out","process_id":3,"app_name":"best-store-backend"}
{"message":"Server running on PORT:5000\n","timestamp":"05-12 16:33:32 +01:00","type":"out","process_id":4,"app_name":"best-store-backend"}
{"message":"Server running on PORT:5000\n","timestamp":"05-12 16:33:35 +01:00","type":"out","process_id":5,"app_name":"best-store-backend"}
{"message":"Server running on PORT:5000\n","timestamp":"05-12 16:33:35 +01:00","type":"out","process_id":6,"app_name":"best-store-backend"}
{"message":"Server running on PORT:5000\n","timestamp":"05-12 16:33:36 +01:00","type":"out","process_id":7,"app_name":"best-store-backend"}
{"message":"null\n","timestamp":"05-12 16:33:57 +01:00","type":"out","process_id":7,"app_name":"best-store-backend"}
{"message":"null\n","timestamp":"05-12 16:33:57 +01:00","type":"out","process_id":7,"app_name":"best-store-backend"}
{"message":"Server running on PORT:5000\n","timestamp":"05-12 18:34:54 +01:00","type":"out","process_id":0,"app_name":"best-store-backend"}
{"message":"Server running on PORT:5000\n","timestamp":"05-12 18:34:54 +01:00","type":"out","process_id":1,"app_name":"best-store-backend"}
{"message":"Server running on PORT:5000\n","timestamp":"05-12 18:34:55 +01:00","type":"out","process_id":2,"app_name":"best-store-backend"}
{"message":"Server running on PORT:5000\n","timestamp":"05-12 18:34:57 +01:00","type":"out","process_id":3,"app_name":"best-store-backend"}
{"message":"Server running on PORT:5000\n","timestamp":"05-12 18:34:58 +01:00","type":"out","process_id":4,"app_name":"best-store-backend"}
{"message":"Server running on PORT:5000\n","timestamp":"05-12 18:34:58 +01:00","type":"out","process_id":5,"app_name":"best-store-backend"}
{"message":"Server running on PORT:5000\n","timestamp":"05-12 18:34:59 +01:00","type":"out","process_id":6,"app_name":"best-store-backend"}
{"message":"Server running on PORT:5000\n","timestamp":"05-12 18:35:00 +01:00","type":"out","process_id":7,"app_name":"best-store-backend"}
{"message":"Server running on PORT:5000\n","timestamp":"05-12 18:44:01 +01:00","type":"out","process_id":0,"app_name":"best-store-backend"}
{"message":"Server running on PORT:5000\n","timestamp":"05-12 18:44:02 +01:00","type":"out","process_id":1,"app_name":"best-store-backend"}
{"message":"Server running on PORT:5000\n","timestamp":"05-12 18:44:03 +01:00","type":"out","process_id":2,"app_name":"best-store-backend"}
{"message":"Server running on PORT:5000\n","timestamp":"05-12 18:44:04 +01:00","type":"out","process_id":3,"app_name":"best-store-backend"}
{"message":"Server running on PORT:5000\n","timestamp":"05-12 18:44:05 +01:00","type":"out","process_id":4,"app_name":"best-store-backend"}
{"message":"Server running on PORT:5000\n","timestamp":"05-12 18:44:06 +01:00","type":"out","process_id":5,"app_name":"best-store-backend"}
{"message":"Server running on PORT:5000\n","timestamp":"05-12 18:44:07 +01:00","type":"out","process_id":6,"app_name":"best-store-backend"}
{"message":"Server running on PORT:5000\n","timestamp":"05-12 18:44:07 +01:00","type":"out","process_id":7,"app_name":"best-store-backend"}
{"message":"Function 3\n","timestamp":"05-12 18:51:59 +01:00","type":"out","process_id":0,"app_name":"best-store-backend"}
{"message":"Server running on PORT:5000\n","timestamp":"05-12 18:52:00 +01:00","type":"out","process_id":0,"app_name":"best-store-backend"}
{"message":"Function 1\n","timestamp":"05-12 18:52:00 +01:00","type":"out","process_id":0,"app_name":"best-store-backend"}
{"message":"Function 3\n","timestamp":"05-12 18:52:00 +01:00","type":"out","process_id":1,"app_name":"best-store-backend"}
{"message":"Function 2\n","timestamp":"05-12 18:52:00 +01:00","type":"out","process_id":0,"app_name":"best-store-backend"}
{"message":"All functions completed\n","timestamp":"05-12 18:52:00 +01:00","type":"out","process_id":0,"app_name":"best-store-backend"}
{"message":"Server running on PORT:5000\n","timestamp":"05-12 18:52:00 +01:00","type":"out","process_id":1,"app_name":"best-store-backend"}
{"message":"Function 1\n","timestamp":"05-12 18:52:01 +01:00","type":"out","process_id":1,"app_name":"best-store-backend"}
{"message":"Function 2\n","timestamp":"05-12 18:52:01 +01:00","type":"out","process_id":1,"app_name":"best-store-backend"}
{"message":"All functions completed\n","timestamp":"05-12 18:52:01 +01:00","type":"out","process_id":1,"app_name":"best-store-backend"}
{"message":"Server running on PORT:5000\n","timestamp":"05-12 18:52:01 +01:00","type":"out","process_id":2,"app_name":"best-store-backend"}
{"message":"Function 3\n","timestamp":"05-12 18:52:01 +01:00","type":"out","process_id":2,"app_name":"best-store-backend"}
{"message":"Function 1\n","timestamp":"05-12 18:52:02 +01:00","type":"out","process_id":2,"app_name":"best-store-backend"}
{"message":"Function 3\n","timestamp":"05-12 18:52:02 +01:00","type":"out","process_id":3,"app_name":"best-store-backend"}
{"message":"Server running on PORT:5000\n","timestamp":"05-12 18:52:02 +01:00","type":"out","process_id":3,"app_name":"best-store-backend"}
{"message":"Function 2\n","timestamp":"05-12 18:52:02 +01:00","type":"out","process_id":2,"app_name":"best-store-backend"}
{"message":"All functions completed\n","timestamp":"05-12 18:52:02 +01:00","type":"out","process_id":2,"app_name":"best-store-backend"}
{"message":"Function 1\n","timestamp":"05-12 18:52:03 +01:00","type":"out","process_id":3,"app_name":"best-store-backend"}
{"message":"Function 2\n","timestamp":"05-12 18:52:03 +01:00","type":"out","process_id":3,"app_name":"best-store-backend"}
{"message":"All functions completed\n","timestamp":"05-12 18:52:03 +01:00","type":"out","process_id":3,"app_name":"best-store-backend"}
{"message":"Server running on PORT:5000\n","timestamp":"05-12 18:52:03 +01:00","type":"out","process_id":4,"app_name":"best-store-backend"}
{"message":"Function 3\n","timestamp":"05-12 18:52:03 +01:00","type":"out","process_id":4,"app_name":"best-store-backend"}
{"message":"Function 1\n","timestamp":"05-12 18:52:04 +01:00","type":"out","process_id":4,"app_name":"best-store-backend"}
{"message":"Server running on PORT:5000\n","timestamp":"05-12 18:52:04 +01:00","type":"out","process_id":5,"app_name":"best-store-backend"}
{"message":"Function 3\n","timestamp":"05-12 18:52:04 +01:00","type":"out","process_id":5,"app_name":"best-store-backend"}
{"message":"Function 2\n","timestamp":"05-12 18:52:04 +01:00","type":"out","process_id":4,"app_name":"best-store-backend"}
{"message":"All functions completed\n","timestamp":"05-12 18:52:04 +01:00","type":"out","process_id":4,"app_name":"best-store-backend"}
{"message":"Function 1\n","timestamp":"05-12 18:52:05 +01:00","type":"out","process_id":5,"app_name":"best-store-backend"}
{"message":"Server running on PORT:5000\n","timestamp":"05-12 18:52:05 +01:00","type":"out","process_id":6,"app_name":"best-store-backend"}
{"message":"Function 2\n","timestamp":"05-12 18:52:05 +01:00","type":"out","process_id":5,"app_name":"best-store-backend"}
{"message":"All functions completed\n","timestamp":"05-12 18:52:05 +01:00","type":"out","process_id":5,"app_name":"best-store-backend"}
{"message":"Function 3\n","timestamp":"05-12 18:52:05 +01:00","type":"out","process_id":6,"app_name":"best-store-backend"}
{"message":"Server running on PORT:5000\n","timestamp":"05-12 18:52:06 +01:00","type":"out","process_id":7,"app_name":"best-store-backend"}
{"message":"Function 1\n","timestamp":"05-12 18:52:06 +01:00","type":"out","process_id":6,"app_name":"best-store-backend"}
{"message":"Function 3\n","timestamp":"05-12 18:52:06 +01:00","type":"out","process_id":7,"app_name":"best-store-backend"}
{"message":"Function 2\n","timestamp":"05-12 18:52:06 +01:00","type":"out","process_id":6,"app_name":"best-store-backend"}
{"message":"All functions completed\n","timestamp":"05-12 18:52:06 +01:00","type":"out","process_id":6,"app_name":"best-store-backend"}
{"message":"Function 1\n","timestamp":"05-12 18:52:07 +01:00","type":"out","process_id":7,"app_name":"best-store-backend"}
{"message":"Function 2\n","timestamp":"05-12 18:52:07 +01:00","type":"out","process_id":7,"app_name":"best-store-backend"}
{"message":"All functions completed\n","timestamp":"05-12 18:52:07 +01:00","type":"out","process_id":7,"app_name":"best-store-backend"}
{"message":"Server running on PORT:5000\n","timestamp":"05-12 18:52:24 +01:00","type":"out","process_id":0,"app_name":"best-store-backend"}
{"message":"Server running on PORT:5000\n","timestamp":"05-12 18:52:25 +01:00","type":"out","process_id":1,"app_name":"best-store-backend"}
{"message":"Server running on PORT:5000\n","timestamp":"05-12 18:52:26 +01:00","type":"out","process_id":2,"app_name":"best-store-backend"}
{"message":"Server running on PORT:5000\n","timestamp":"05-12 18:52:27 +01:00","type":"out","process_id":3,"app_name":"best-store-backend"}
{"message":"Server running on PORT:5000\n","timestamp":"05-12 18:52:28 +01:00","type":"out","process_id":4,"app_name":"best-store-backend"}
{"message":"Server running on PORT:5000\n","timestamp":"05-12 18:52:29 +01:00","type":"out","process_id":5,"app_name":"best-store-backend"}
{"message":"Server running on PORT:5000\n","timestamp":"05-12 18:52:29 +01:00","type":"out","process_id":6,"app_name":"best-store-backend"}
{"message":"Server running on PORT:5000\n","timestamp":"05-12 18:52:30 +01:00","type":"out","process_id":7,"app_name":"best-store-backend"}
{"message":"Server running on PORT:5000\n","timestamp":"05-12 18:53:07 +01:00","type":"out","process_id":0,"app_name":"best-store-backend"}
{"message":"Server running on PORT:5000\n","timestamp":"05-12 18:53:07 +01:00","type":"out","process_id":1,"app_name":"best-store-backend"}
{"message":"Server running on PORT:5000\n","timestamp":"05-12 18:53:09 +01:00","type":"out","process_id":2,"app_name":"best-store-backend"}
{"message":"Server running on PORT:5000\n","timestamp":"05-12 18:53:10 +01:00","type":"out","process_id":3,"app_name":"best-store-backend"}
{"message":"Server running on PORT:5000\n","timestamp":"05-12 18:53:11 +01:00","type":"out","process_id":4,"app_name":"best-store-backend"}
{"message":"Server running on PORT:5000\n","timestamp":"05-12 18:53:12 +01:00","type":"out","process_id":5,"app_name":"best-store-backend"}
{"message":"Server running on PORT:5000\n","timestamp":"05-12 18:53:13 +01:00","type":"out","process_id":6,"app_name":"best-store-backend"}
{"message":"Server running on PORT:5000\n","timestamp":"05-12 18:53:13 +01:00","type":"out","process_id":7,"app_name":"best-store-backend"}
{"message":"Server running on PORT:5000\n","timestamp":"05-12 22:11:19 +01:00","type":"out","process_id":0,"app_name":"best-store-backend"}
{"message":"Server running on PORT:5000\n","timestamp":"05-12 22:11:20 +01:00","type":"out","process_id":1,"app_name":"best-store-backend"}
{"message":"Server running on PORT:5000\n","timestamp":"05-12 22:11:23 +01:00","type":"out","process_id":2,"app_name":"best-store-backend"}
{"message":"Server running on PORT:5000\n","timestamp":"05-12 22:11:25 +01:00","type":"out","process_id":3,"app_name":"best-store-backend"}
{"message":"Server running on PORT:5000\n","timestamp":"05-12 22:11:27 +01:00","type":"out","process_id":4,"app_name":"best-store-backend"}
{"message":"Server running on PORT:5000\n","timestamp":"05-12 22:11:30 +01:00","type":"out","process_id":5,"app_name":"best-store-backend"}
{"message":"Server running on PORT:5000\n","timestamp":"05-12 22:11:32 +01:00","type":"out","process_id":6,"app_name":"best-store-backend"}
{"message":"Server running on PORT:5000\n","timestamp":"05-12 22:11:34 +01:00","type":"out","process_id":7,"app_name":"best-store-backend"}
{"message":"Server running on PORT:5000\n","timestamp":"05-12 22:16:23 +01:00","type":"out","process_id":0,"app_name":"best-store-backend"}
{"message":"Server running on PORT:5000\n","timestamp":"05-12 22:16:24 +01:00","type":"out","process_id":1,"app_name":"best-store-backend"}
{"message":"Server running on PORT:5000\n","timestamp":"05-12 22:16:25 +01:00","type":"out","process_id":2,"app_name":"best-store-backend"}
{"message":"Server running on PORT:5000\n","timestamp":"05-12 22:16:25 +01:00","type":"out","process_id":3,"app_name":"best-store-backend"}
{"message":"Server running on PORT:5000\n","timestamp":"05-12 22:16:26 +01:00","type":"out","process_id":4,"app_name":"best-store-backend"}
{"message":"Server running on PORT:5000\n","timestamp":"05-12 22:16:27 +01:00","type":"out","process_id":5,"app_name":"best-store-backend"}
{"message":"Server running on PORT:5000\n","timestamp":"05-12 22:16:28 +01:00","type":"out","process_id":6,"app_name":"best-store-backend"}
{"message":"Server running on PORT:5000\n","timestamp":"05-12 22:16:28 +01:00","type":"out","process_id":7,"app_name":"best-store-backend"}
{"message":"Server running on PORT:5000\n","timestamp":"05-12 22:22:34 +01:00","type":"out","process_id":1,"app_name":"best-store-backend"}
{"message":"Server running on PORT:5000\n","timestamp":"05-12 22:22:34 +01:00","type":"out","process_id":0,"app_name":"best-store-backend"}
{"message":"Server running on PORT:5000\n","timestamp":"05-12 22:22:36 +01:00","type":"out","process_id":2,"app_name":"best-store-backend"}
{"message":"Server running on PORT:5000\n","timestamp":"05-12 22:22:36 +01:00","type":"out","process_id":3,"app_name":"best-store-backend"}
{"message":"Server running on PORT:5000\n","timestamp":"05-12 22:22:37 +01:00","type":"out","process_id":4,"app_name":"best-store-backend"}
{"message":"Server running on PORT:5000\n","timestamp":"05-12 22:22:37 +01:00","type":"out","process_id":5,"app_name":"best-store-backend"}
{"message":"Server running on PORT:5000\n","timestamp":"05-12 22:22:38 +01:00","type":"out","process_id":6,"app_name":"best-store-backend"}
{"message":"Server running on PORT:5000\n","timestamp":"05-12 22:22:39 +01:00","type":"out","process_id":7,"app_name":"best-store-backend"}
{"message":"Server running on PORT:5000\n","timestamp":"05-12 22:23:41 +01:00","type":"out","process_id":0,"app_name":"best-store-backend"}
{"message":"Server running on PORT:5000\n","timestamp":"05-12 22:23:42 +01:00","type":"out","process_id":1,"app_name":"best-store-backend"}
{"message":"Server running on PORT:5000\n","timestamp":"05-12 22:23:44 +01:00","type":"out","process_id":2,"app_name":"best-store-backend"}
{"message":"Server running on PORT:5000\n","timestamp":"05-12 22:23:44 +01:00","type":"out","process_id":3,"app_name":"best-store-backend"}
{"message":"Server running on PORT:5000\n","timestamp":"05-12 22:23:44 +01:00","type":"out","process_id":4,"app_name":"best-store-backend"}
{"message":"Server running on PORT:5000\n","timestamp":"05-12 22:23:46 +01:00","type":"out","process_id":5,"app_name":"best-store-backend"}
{"message":"Server running on PORT:5000\n","timestamp":"05-12 22:23:46 +01:00","type":"out","process_id":6,"app_name":"best-store-backend"}
{"message":"Server running on PORT:5000\n","timestamp":"05-12 22:23:47 +01:00","type":"out","process_id":7,"app_name":"best-store-backend"}
{"message":"Server running on PORT:5000\n","timestamp":"05-12 22:26:02 +01:00","type":"out","process_id":0,"app_name":"best-store-backend"}
{"message":"Server running on PORT:5000\n","timestamp":"05-12 22:26:03 +01:00","type":"out","process_id":1,"app_name":"best-store-backend"}
{"message":"Server running on PORT:5000\n","timestamp":"05-12 22:26:04 +01:00","type":"out","process_id":2,"app_name":"best-store-backend"}
{"message":"Server running on PORT:5000\n","timestamp":"05-12 22:26:05 +01:00","type":"out","process_id":3,"app_name":"best-store-backend"}
{"message":"Server running on PORT:5000\n","timestamp":"05-12 22:26:06 +01:00","type":"out","process_id":4,"app_name":"best-store-backend"}
{"message":"Server running on PORT:5000\n","timestamp":"05-12 22:26:07 +01:00","type":"out","process_id":5,"app_name":"best-store-backend"}
{"message":"Server running on PORT:5000\n","timestamp":"05-12 22:26:07 +01:00","type":"out","process_id":6,"app_name":"best-store-backend"}
{"message":"Server running on PORT:5000\n","timestamp":"05-12 22:26:08 +01:00","type":"out","process_id":7,"app_name":"best-store-backend"}
{"message":"Server running on PORT:5000\n","timestamp":"05-12 22:26:14 +01:00","type":"out","process_id":0,"app_name":"best-store-backend"}
{"message":"Server running on PORT:5000\n","timestamp":"05-12 22:26:14 +01:00","type":"out","process_id":1,"app_name":"best-store-backend"}
{"message":"Server running on PORT:5000\n","timestamp":"05-12 22:26:15 +01:00","type":"out","process_id":2,"app_name":"best-store-backend"}
{"message":"Server running on PORT:5000\n","timestamp":"05-12 22:26:16 +01:00","type":"out","process_id":3,"app_name":"best-store-backend"}
{"message":"Server running on PORT:5000\n","timestamp":"05-12 22:26:17 +01:00","type":"out","process_id":4,"app_name":"best-store-backend"}
{"message":"Server running on PORT:5000\n","timestamp":"05-12 22:26:18 +01:00","type":"out","process_id":5,"app_name":"best-store-backend"}
{"message":"Server running on PORT:5000\n","timestamp":"05-12 22:26:18 +01:00","type":"out","process_id":6,"app_name":"best-store-backend"}
{"message":"Server running on PORT:5000\n","timestamp":"05-12 22:26:19 +01:00","type":"out","process_id":7,"app_name":"best-store-backend"}
{"message":"[Error [ValidationError]: cart_products does not contain at least one required match] {\n  _original: { cart_products: [] },\n  details: [\n    {\n      message: 'cart_products does not contain at least one required match',\n      path: [Array],\n      type: 'array.hasUnknown',\n      context: [Object]\n    }\n  ]\n}\n","timestamp":"05-12 22:26:39 +01:00","type":"out","process_id":7,"app_name":"best-store-backend"}
{"message":"[Error [ValidationError]: cart_products[0].product_id must be a string. cart_products[0].produc_count is not allowed. cart_products does not contain at least one required match] {\n  _original: { cart_products: [ [Object] ] },\n  details: [\n    {\n      message: 'cart_products[0].product_id must be a string',\n      path: [Array],\n      type: 'string.base',\n      context: [Object]\n    },\n    {\n      message: 'cart_products[0].produc_count is not allowed',\n      path: [Array],\n      type: 'object.unknown',\n      context: [Object]\n    },\n    {\n      message: 'cart_products does not contain at least one required match',\n      path: [Array],\n      type: 'array.hasUnknown',\n      context: [Object]\n    }\n  ]\n}\n","timestamp":"05-12 22:28:41 +01:00","type":"out","process_id":7,"app_name":"best-store-backend"}
{"message":"[Error [ValidationError]: cart_products[0].product_id must be a string] {\n  _original: { cart_products: [ [Object] ] },\n  details: [\n    {\n      message: 'cart_products[0].product_id must be a string',\n      path: [Array],\n      type: 'string.base',\n      context: [Object]\n    }\n  ]\n}\n","timestamp":"05-12 22:29:20 +01:00","type":"out","process_id":7,"app_name":"best-store-backend"}
{"message":"Server running on PORT:5000\n","timestamp":"05-12 22:29:24 +01:00","type":"out","process_id":0,"app_name":"best-store-backend"}
{"message":"Server running on PORT:5000\n","timestamp":"05-12 22:29:24 +01:00","type":"out","process_id":1,"app_name":"best-store-backend"}
{"message":"[Error [ValidationError]: cart_products[0].product_id must be a string] {\n  _original: { cart_products: [ [Object] ] },\n  details: [\n    {\n      message: 'cart_products[0].product_id must be a string',\n      path: [Array],\n      type: 'string.base',\n      context: [Object]\n    }\n  ]\n}\n","timestamp":"05-12 22:29:25 +01:00","type":"out","process_id":7,"app_name":"best-store-backend"}
{"message":"Server running on PORT:5000\n","timestamp":"05-12 22:29:25 +01:00","type":"out","process_id":2,"app_name":"best-store-backend"}
{"message":"Server running on PORT:5000\n","timestamp":"05-12 22:29:26 +01:00","type":"out","process_id":3,"app_name":"best-store-backend"}
{"message":"[Error [ValidationError]: cart_products[0].product_id must be a string] {\n  _original: { cart_products: [ [Object] ] },\n  details: [\n    {\n      message: 'cart_products[0].product_id must be a string',\n      path: [Array],\n      type: 'string.base',\n      context: [Object]\n    }\n  ]\n}\n","timestamp":"05-12 22:29:26 +01:00","type":"out","process_id":7,"app_name":"best-store-backend"}
{"message":"Server running on PORT:5000\n","timestamp":"05-12 22:29:27 +01:00","type":"out","process_id":4,"app_name":"best-store-backend"}
{"message":"Server running on PORT:5000\n","timestamp":"05-12 22:29:27 +01:00","type":"out","process_id":5,"app_name":"best-store-backend"}
{"message":"Server running on PORT:5000\n","timestamp":"05-12 22:29:28 +01:00","type":"out","process_id":6,"app_name":"best-store-backend"}
{"message":"Server running on PORT:5000\n","timestamp":"05-12 22:29:29 +01:00","type":"out","process_id":7,"app_name":"best-store-backend"}
{"message":"Server running on PORT:5000\n","timestamp":"05-12 22:30:05 +01:00","type":"out","process_id":1,"app_name":"best-store-backend"}
{"message":"Server running on PORT:5000\n","timestamp":"05-12 22:30:05 +01:00","type":"out","process_id":0,"app_name":"best-store-backend"}
{"message":"Server running on PORT:5000\n","timestamp":"05-12 22:30:07 +01:00","type":"out","process_id":2,"app_name":"best-store-backend"}
{"message":"Server running on PORT:5000\n","timestamp":"05-12 22:30:08 +01:00","type":"out","process_id":3,"app_name":"best-store-backend"}
{"message":"Server running on PORT:5000\n","timestamp":"05-12 22:30:08 +01:00","type":"out","process_id":4,"app_name":"best-store-backend"}
{"message":"Server running on PORT:5000\n","timestamp":"05-12 22:30:09 +01:00","type":"out","process_id":5,"app_name":"best-store-backend"}
{"message":"Server running on PORT:5000\n","timestamp":"05-12 22:30:10 +01:00","type":"out","process_id":6,"app_name":"best-store-backend"}
{"message":"Server running on PORT:5000\n","timestamp":"05-12 22:30:10 +01:00","type":"out","process_id":7,"app_name":"best-store-backend"}
